<?xml version="1.0" encoding="UTF-8"?>
<!-- Generated by org.testng.reporters.JUnitReportReporter -->
<testsuite hostname="SKOTWAL" name="the.internet.app.TheInternetTests" tests="3" failures="0" timestamp="4 Dec 2014 08:52:22 GMT" time="5.030" errors="0">
  <testcase name="changingDom" time="1.633" classname="the.internet.app.TheInternetTests"/>
  <testcase name="brokenImage" time="1.610" classname="the.internet.app.TheInternetTests"/>
  <testcase name="AbTest" time="1.787" classname="the.internet.app.TheInternetTests"/>
</testsuite> <!-- the.internet.app.TheInternetTests -->
